<?xml version="1.0" encoding="UTF-8"?>
<testsuite name="test.java.SortDemoTest" tests="5" skipped="0" failures="0" errors="0" timestamp="2018-10-22T05:40:02" hostname="DESKTOP-F997LMM" time="0.012">
  <properties/>
  <testcase name="NonIntegerValue" classname="test.java.SortDemoTest" time="0.0"/>
  <testcase name="negativeArraySize" classname="test.java.SortDemoTest" time="0.0"/>
  <testcase name="SameNumber" classname="test.java.SortDemoTest" time="0.0"/>
  <testcase name="NoNumber" classname="test.java.SortDemoTest" time="0.001"/>
  <testcase name="testNumber" classname="test.java.SortDemoTest" time="0.007"/>
  <system-out><![CDATA[]]></system-out>
  <system-err><![CDATA[]]></system-err>
</testsuite>
