<?xml version="1.0" encoding="UTF-8"?>
<testsuite name="test.java.AlgoTest" tests="6" skipped="0" failures="0" errors="0" timestamp="2018-10-22T05:40:02" hostname="DESKTOP-F997LMM" time="0.008">
  <properties/>
  <testcase name="test_QuickSort" classname="test.java.AlgoTest" time="0.006"/>
  <testcase name="test_MergeSort" classname="test.java.AlgoTest" time="0.001"/>
  <testcase name="test_InsertionSort" classname="test.java.AlgoTest" time="0.0"/>
  <testcase name="test_SelectionSort" classname="test.java.AlgoTest" time="0.0"/>
  <testcase name="test_BubbleSort" classname="test.java.AlgoTest" time="0.0"/>
  <testcase name="test_HeapSort" classname="test.java.AlgoTest" time="0.0"/>
  <system-out><![CDATA[]]></system-out>
  <system-err><![CDATA[]]></system-err>
</testsuite>
